(node:26304) DeprecationWarning: current URL string parser is deprecated, and will be removed in a future version. To use the new parser, pass option { useNewUrlParser: true } to MongoClient.connect.
(node:26304) DeprecationWarning: current URL string parser is deprecated, and will be removed in a future version. To use the new parser, pass option { useNewUrlParser: true } to MongoClient.connect.
Server is Running on http://127.0.0.1:3000/
(node:26304) DeprecationWarning: collection.ensureIndex is deprecated. Use createIndexes instead.
Conntected to MongoDB
[0mGET /return-to-live [33m404 [0m2417.493 ms - 153[0m
Indexed 4 documents
[0mGET /return-to-live [33m404 [0m1170.104 ms - 153[0m
[0mGET /return-to-live [33m404 [0m1169.557 ms - 153[0m
[0mGET /return-to-live [33m404 [0m1176.239 ms - 153[0m
[0mGET /return-to-live [33m404 [0m1167.493 ms - 153[0m
[0mGET /return-to-live [33m404 [0m1172.716 ms - 153[0m
[0mGET /return-to-live [33m404 [0m1166.830 ms - 153[0m
[0mGET /return-to-live [33m404 [0m1194.471 ms - 153[0m
[0mGET /return-to-live [33m404 [0m1171.684 ms - 153[0m
[0mGET /return-to-live [33m404 [0m1169.435 ms - 153[0m
[0mGET /return-to-live [33m404 [0m1160.383 ms - 153[0m
[0mGET /return-to-live [33m404 [0m1162.146 ms - 153[0m
[0mGET /return-to-live [33m404 [0m1166.887 ms - 153[0m
[0mGET /return-to-live [33m404 [0m1161.743 ms - 153[0m
[0mGET /return-to-live [33m404 [0m1165.025 ms - 153[0m
[0mGET /return-to-live [33m404 [0m1167.037 ms - 153[0m
[0mGET /return-to-live [33m404 [0m1171.644 ms - 153[0m
[0mGET /return-to-live [33m404 [0m1584.479 ms - 153[0m
[0mGET /return-to-live [33m404 [0m1164.443 ms - 153[0m
[0mGET /return-to-live [33m404 [0m1150.948 ms - 153[0m
[0mGET /return-to-live [33m404 [0m1150.486 ms - 153[0m
[0mGET /return-to-live [33m404 [0m1168.085 ms - 153[0m
[0mGET /return-to-live [33m404 [0m1166.601 ms - 153[0m
[0mGET /return-to-live [33m404 [0m1157.188 ms - 153[0m
[0mGET /return-to-live [33m404 [0m1169.331 ms - 153[0m
[0mGET /return-to-live [33m404 [0m1162.368 ms - 153[0m
[0mGET /return-to-live [33m404 [0m1165.180 ms - 153[0m
[0mGET /return-to-live [33m404 [0m1173.196 ms - 153[0m
[0mGET /return-to-live [33m404 [0m1168.030 ms - 153[0m
[0mGET /return-to-live [33m404 [0m1161.363 ms - 153[0m
[0mGET /return-to-live [33m404 [0m1164.307 ms - 153[0m
[0mGET /return-to-live [33m404 [0m1161.885 ms - 153[0m
[0mGET /return-to-live [33m404 [0m1168.741 ms - 153[0m
[0mGET /return-to-live [33m404 [0m1170.363 ms - 153[0m
[0mGET /return-to-live [33m404 [0m1165.248 ms - 153[0m
[0mGET /return-to-live [33m404 [0m1165.274 ms - 153[0m
[0mGET /return-to-live [33m404 [0m1166.821 ms - 153[0m
[0mGET /return-to-live [33m404 [0m1161.636 ms - 153[0m
[0mGET /return-to-live [33m404 [0m1164.461 ms - 153[0m
[0mGET /return-to-live [33m404 [0m1174.734 ms - 153[0m
[0mGET /return-to-live [33m404 [0m1166.748 ms - 153[0m
[0mGET /return-to-live [33m404 [0m1165.920 ms - 153[0m
[0mGET /return-to-live [33m404 [0m1159.979 ms - 153[0m
[0mGET /return-to-live [33m404 [0m1160.021 ms - 153[0m
[0mGET /return-to-live [33m404 [0m1162.397 ms - 153[0m
[0mGET /return-to-live [33m404 [0m1165.491 ms - 153[0m
[0mGET /return-to-live [33m404 [0m1159.232 ms - 153[0m
[0mGET /return-to-live [33m404 [0m1162.839 ms - 153[0m
[0mGET /return-to-live [33m404 [0m1165.286 ms - 153[0m
[0mGET /return-to-live [33m404 [0m1161.147 ms - 153[0m
[0mGET /return-to-live [33m404 [0m1166.300 ms - 153[0m
[0mGET /return-to-live [33m404 [0m1162.029 ms - 153[0m
[0mGET /return-to-live [33m404 [0m1165.778 ms - 153[0m
[0mGET /return-to-live [33m404 [0m1169.828 ms - 153[0m
[0mGET /return-to-live [33m404 [0m1160.710 ms - 153[0m
[0mGET /return-to-live [33m404 [0m1167.429 ms - 153[0m
[0mGET /return-to-live [33m404 [0m1167.054 ms - 153[0m
[0mGET /return-to-live [33m404 [0m1165.825 ms - 153[0m
[0mGET /return-to-live [33m404 [0m1164.982 ms - 153[0m
[0mGET /return-to-live [33m404 [0m1160.346 ms - 153[0m
[0mGET /return-to-live [33m404 [0m1162.205 ms - 153[0m
[0mGET /return-to-live [33m404 [0m1158.717 ms - 153[0m
[0mGET /return-to-live [33m404 [0m1163.773 ms - 153[0m
[0mGET /return-to-live [33m404 [0m1159.508 ms - 153[0m
[0mGET /return-to-live [33m404 [0m1163.091 ms - 153[0m
[0mGET /return-to-live [33m404 [0m1168.471 ms - 153[0m
[0mGET /return-to-live [33m404 [0m1165.612 ms - 153[0m
[0mGET /return-to-live [33m404 [0m1171.623 ms - 153[0m
[0mGET /return-to-live [33m404 [0m1177.914 ms - 153[0m
[0mGET /return-to-live [33m404 [0m1163.693 ms - 153[0m
[0mGET /return-to-live [33m404 [0m1158.655 ms - 153[0m
[0mGET /return-to-live [33m404 [0m1163.595 ms - 153[0m
[0mGET /return-to-live [33m404 [0m1161.911 ms - 153[0m
[0mGET /return-to-live [33m404 [0m1155.934 ms - 153[0m
[0mGET /return-to-live [33m404 [0m1166.528 ms - 153[0m
[0mGET /return-to-live [33m404 [0m1167.051 ms - 153[0m
[0mGET /return-to-live [33m404 [0m1161.363 ms - 153[0m
[0mGET /return-to-live [33m404 [0m1166.918 ms - 153[0m
[0mGET /return-to-live [33m404 [0m1177.604 ms - 153[0m
[0mGET /return-to-live [33m404 [0m1161.096 ms - 153[0m
[0mGET /return-to-live [33m404 [0m1164.130 ms - 153[0m
[0mGET /return-to-live [33m404 [0m1169.784 ms - 153[0m
[0mGET /return-to-live [33m404 [0m1161.348 ms - 153[0m
[0mGET /return-to-live [33m404 [0m1159.029 ms - 153[0m
[0mGET /return-to-live [33m404 [0m1159.124 ms - 153[0m
[0mGET /return-to-live [33m404 [0m1164.564 ms - 153[0m
[0mGET /return-to-live [33m404 [0m1161.860 ms - 153[0m
[0mGET /return-to-live [33m404 [0m1158.509 ms - 153[0m
[0mGET /return-to-live [33m404 [0m1167.690 ms - 153[0m
[0mGET /return-to-live [33m404 [0m1164.168 ms - 153[0m
[0mGET /return-to-live [33m404 [0m1157.815 ms - 153[0m
[0mGET /return-to-live [33m404 [0m1159.956 ms - 153[0m
[0mGET /return-to-live [33m404 [0m1160.316 ms - 153[0m
[0mGET /return-to-live [33m404 [0m1164.730 ms - 153[0m
[0mGET /return-to-live [33m404 [0m1164.540 ms - 153[0m
[0mGET /return-to-live [33m404 [0m1156.122 ms - 153[0m
[0mGET /return-to-live [33m404 [0m1158.926 ms - 153[0m
[0mGET /return-to-live [33m404 [0m1158.871 ms - 153[0m
[0mGET /return-to-live [33m404 [0m1156.506 ms - 153[0m
[0mGET /return-to-live [33m404 [0m1161.473 ms - 153[0m
[0mGET /return-to-live [33m404 [0m1165.060 ms - 153[0m
[0mGET /return-to-live [33m404 [0m1165.418 ms - 153[0m
[0mGET /return-to-live [33m404 [0m1164.244 ms - 153[0m
[0mGET /return-to-live [33m404 [0m1178.893 ms - 153[0m
[0mGET /return-to-live [33m404 [0m1179.614 ms - 153[0m
[0mGET /return-to-live [33m404 [0m1159.536 ms - 153[0m
[0mGET /return-to-live [33m404 [0m1164.617 ms - 153[0m
[0mGET /return-to-live [33m404 [0m1159.668 ms - 153[0m
[0mGET /return-to-live [33m404 [0m1167.566 ms - 153[0m
[0mGET /return-to-live [33m404 [0m1156.057 ms - 153[0m
[0mGET /return-to-live [33m404 [0m1165.786 ms - 153[0m
[0mGET /return-to-live [33m404 [0m1158.216 ms - 153[0m
[0mGET /return-to-live [33m404 [0m1172.508 ms - 153[0m
[0mGET /return-to-live [33m404 [0m1153.344 ms - 153[0m
[0mGET /return-to-live [33m404 [0m1155.963 ms - 153[0m
[0mGET /return-to-live [33m404 [0m1157.419 ms - 153[0m
[0mGET /return-to-live [33m404 [0m1157.379 ms - 153[0m
[0mGET /return-to-live [33m404 [0m1161.788 ms - 153[0m
[0mGET /return-to-live [33m404 [0m1164.929 ms - 153[0m
[0mGET /return-to-live [33m404 [0m1162.987 ms - 153[0m
[0mGET /return-to-live [33m404 [0m1167.551 ms - 153[0m
[0mGET /return-to-live [33m404 [0m1162.310 ms - 153[0m
[0mGET /return-to-live [33m404 [0m1157.647 ms - 153[0m
[0mGET /return-to-live [33m404 [0m1163.556 ms - 153[0m
[0mGET /return-to-live [33m404 [0m1157.249 ms - 153[0m
[0mGET /return-to-live [33m404 [0m1157.733 ms - 153[0m
[0mGET /return-to-live [33m404 [0m1163.819 ms - 153[0m
[0mGET /return-to-live [33m404 [0m1164.345 ms - 153[0m
[0mGET /return-to-live [33m404 [0m1165.004 ms - 153[0m
[0mGET /return-to-live [33m404 [0m1163.624 ms - 153[0m
[0mGET /return-to-live [33m404 [0m1160.274 ms - 153[0m
[0mGET /return-to-live [33m404 [0m1157.191 ms - 153[0m
[0mGET /return-to-live [33m404 [0m1165.896 ms - 153[0m
[0mGET /return-to-live [33m404 [0m1171.327 ms - 153[0m
[0mGET /return-to-live [33m404 [0m1162.967 ms - 153[0m
[0mGET /return-to-live [33m404 [0m1163.046 ms - 153[0m
[0mGET /return-to-live [33m404 [0m1165.610 ms - 153[0m
[0mGET /return-to-live [33m404 [0m1163.387 ms - 153[0m
[0mGET /return-to-live [33m404 [0m1162.024 ms - 153[0m
[0mGET /return-to-live [33m404 [0m1166.403 ms - 153[0m
[0mGET /return-to-live [33m404 [0m1162.405 ms - 153[0m
[0mGET /return-to-live [33m404 [0m1166.224 ms - 153[0m
[0mGET /return-to-live [33m404 [0m1166.487 ms - 153[0m
[0mGET /return-to-live [33m404 [0m1160.261 ms - 153[0m
[0mGET /return-to-live [33m404 [0m1166.596 ms - 153[0m
[0mGET /return-to-live [33m404 [0m1160.650 ms - 153[0m
[0mGET /return-to-live [33m404 [0m1164.143 ms - 153[0m
[0mGET /return-to-live [33m404 [0m1165.969 ms - 153[0m
[0mGET /return-to-live [33m404 [0m1159.370 ms - 153[0m
[0mGET /return-to-live [33m404 [0m1168.664 ms - 153[0m
[0mGET /return-to-live [33m404 [0m1164.798 ms - 153[0m
[0mGET /return-to-live [33m404 [0m1165.004 ms - 153[0m
[0mGET /return-to-live [33m404 [0m1163.158 ms - 153[0m
[0mGET /return-to-live [33m404 [0m1156.879 ms - 153[0m
[0mGET /return-to-live [33m404 [0m1161.007 ms - 153[0m
[0mGET /return-to-live [33m404 [0m1157.601 ms - 153[0m
[0mGET /return-to-live [33m404 [0m1162.730 ms - 153[0m
[0mGET /return-to-live [33m404 [0m1161.030 ms - 153[0m
[0mGET /return-to-live [33m404 [0m1160.150 ms - 153[0m
[0mGET /return-to-live [33m404 [0m1154.876 ms - 153[0m
[0mGET /return-to-live [33m404 [0m1159.402 ms - 153[0m
[0mGET /return-to-live [33m404 [0m1161.856 ms - 153[0m
[0mGET /return-to-live [33m404 [0m1166.860 ms - 153[0m
[0mGET /return-to-live [33m404 [0m1161.195 ms - 153[0m
[0mGET /return-to-live [33m404 [0m1160.476 ms - 153[0m
[0mGET /return-to-live [33m404 [0m1158.735 ms - 153[0m
[0mGET /return-to-live [33m404 [0m1162.626 ms - 153[0m
[0mGET /return-to-live [33m404 [0m1161.162 ms - 153[0m
[0mGET /return-to-live [33m404 [0m1158.134 ms - 153[0m
[0mGET /return-to-live [33m404 [0m1163.170 ms - 153[0m
[0mGET /return-to-live [33m404 [0m1161.025 ms - 153[0m
[0mGET /return-to-live [33m404 [0m1153.912 ms - 153[0m
[0mGET /return-to-live [33m404 [0m1151.597 ms - 153[0m
[0mGET /return-to-live [33m404 [0m1160.453 ms - 153[0m
[0mGET /return-to-live [33m404 [0m1159.867 ms - 153[0m
[0mGET /return-to-live [33m404 [0m1165.731 ms - 153[0m
[0mGET /return-to-live [33m404 [0m1577.514 ms - 153[0m
[0mGET /return-to-live [33m404 [0m1157.774 ms - 153[0m
[0mGET /return-to-live [33m404 [0m1158.513 ms - 153[0m
[0mGET /return-to-live [33m404 [0m1159.182 ms - 153[0m
[0mGET /return-to-live [33m404 [0m1165.185 ms - 153[0m
[0mGET /return-to-live [33m404 [0m1163.386 ms - 153[0m
[0mGET /return-to-live [33m404 [0m1161.367 ms - 153[0m
[0mGET /return-to-live [33m404 [0m1155.296 ms - 153[0m
[0mGET /return-to-live [33m404 [0m1169.968 ms - 153[0m
[0mGET /return-to-live [33m404 [0m1159.578 ms - 153[0m
[0mGET /return-to-live [33m404 [0m1159.384 ms - 153[0m
[0mGET /return-to-live [33m404 [0m1171.462 ms - 153[0m
[0mGET /return-to-live [33m404 [0m1159.958 ms - 153[0m
[0mGET /return-to-live [33m404 [0m1153.559 ms - 153[0m
[0mGET /return-to-live [33m404 [0m1158.203 ms - 153[0m
[0mGET /return-to-live [33m404 [0m1164.501 ms - 153[0m
[0mGET /return-to-live [33m404 [0m1153.072 ms - 153[0m
[0mGET /return-to-live [33m404 [0m1156.598 ms - 153[0m
[0mGET /return-to-live [33m404 [0m1153.828 ms - 153[0m
[0mGET /return-to-live [33m404 [0m1154.794 ms - 153[0m
[0mGET /return-to-live [33m404 [0m1154.371 ms - 153[0m
[0mGET /return-to-live [33m404 [0m1158.014 ms - 153[0m
[0mGET /return-to-live [33m404 [0m1165.313 ms - 153[0m
[0mGET /return-to-live [33m404 [0m1159.871 ms - 153[0m
[0mGET /return-to-live [33m404 [0m1162.596 ms - 153[0m
[0mGET /return-to-live [33m404 [0m1157.253 ms - 153[0m
[0mGET /return-to-live [33m404 [0m1155.985 ms - 153[0m
[0mGET /return-to-live [33m404 [0m1164.387 ms - 153[0m
[0mGET /return-to-live [33m404 [0m1157.490 ms - 153[0m
[0mGET /return-to-live [33m404 [0m1155.353 ms - 153[0m
[0mGET /return-to-live [33m404 [0m1158.723 ms - 153[0m
[0mGET /return-to-live [33m404 [0m1158.791 ms - 153[0m
[0mGET /return-to-live [33m404 [0m1153.143 ms - 153[0m
[0mGET /return-to-live [33m404 [0m1151.966 ms - 153[0m
[0mGET /return-to-live [33m404 [0m1155.466 ms - 153[0m
[0mGET /return-to-live [33m404 [0m1154.730 ms - 153[0m
[0mGET /return-to-live [33m404 [0m1162.104 ms - 153[0m
[0mGET /return-to-live [33m404 [0m1157.121 ms - 153[0m
[0mGET /return-to-live [33m404 [0m1156.301 ms - 153[0m
[0mGET /return-to-live [33m404 [0m1150.843 ms - 153[0m
[0mGET /return-to-live [33m404 [0m1157.787 ms - 153[0m
[0mGET /return-to-live [33m404 [0m1158.067 ms - 153[0m
[0mGET /return-to-live [33m404 [0m1156.733 ms - 153[0m
[0mGET /return-to-live [33m404 [0m1161.353 ms - 153[0m
[0mGET /return-to-live [33m404 [0m1158.180 ms - 153[0m
[0mGET /return-to-live [33m404 [0m1158.049 ms - 153[0m
[0mGET /return-to-live [33m404 [0m1153.289 ms - 153[0m
[0mGET /return-to-live [33m404 [0m1156.844 ms - 153[0m
[0mGET /return-to-live [33m404 [0m1151.741 ms - 153[0m
[0mGET /return-to-live [33m404 [0m1159.524 ms - 153[0m
[0mGET /return-to-live [33m404 [0m1155.468 ms - 153[0m
[0mGET /return-to-live [33m404 [0m1152.160 ms - 153[0m
[0mGET /return-to-live [33m404 [0m1154.170 ms - 153[0m
[0mGET /return-to-live [33m404 [0m1154.041 ms - 153[0m
[0mGET /return-to-live [33m404 [0m1158.155 ms - 153[0m
[0mGET /return-to-live [33m404 [0m1158.886 ms - 153[0m
[0mGET /return-to-live [33m404 [0m1153.437 ms - 153[0m
[0mGET /return-to-live [33m404 [0m1154.442 ms - 153[0m
[0mGET /return-to-live [33m404 [0m1156.021 ms - 153[0m
[0mGET /return-to-live [33m404 [0m1158.068 ms - 153[0m
[0mGET /return-to-live [33m404 [0m1156.638 ms - 153[0m
[0mGET /return-to-live [33m404 [0m1160.488 ms - 153[0m
[0mGET /return-to-live [33m404 [0m1155.398 ms - 153[0m
[0mGET /return-to-live [33m404 [0m1157.890 ms - 153[0m
[0mGET /return-to-live [33m404 [0m1156.286 ms - 153[0m
[0mGET /return-to-live [33m404 [0m1152.195 ms - 153[0m
[0mGET /return-to-live [33m404 [0m1151.139 ms - 153[0m
[0mGET /return-to-live [33m404 [0m1155.413 ms - 153[0m
[0mGET /return-to-live [33m404 [0m1158.673 ms - 153[0m
[0mGET /return-to-live [33m404 [0m1156.800 ms - 153[0m
[0mGET /return-to-live [33m404 [0m1156.638 ms - 153[0m
[0mGET /return-to-live [33m404 [0m1158.517 ms - 153[0m
[0mGET /return-to-live [33m404 [0m1151.820 ms - 153[0m
[0mGET /return-to-live [33m404 [0m1160.820 ms - 153[0m
[0mGET /return-to-live [33m404 [0m1157.980 ms - 153[0m
[0mGET /return-to-live [33m404 [0m1162.581 ms - 153[0m
[0mGET /return-to-live [33m404 [0m1156.538 ms - 153[0m
[0mGET /return-to-live [33m404 [0m1162.365 ms - 153[0m
[0mGET /return-to-live [33m404 [0m1152.135 ms - 153[0m
[0mGET /return-to-live [33m404 [0m1157.247 ms - 153[0m
[0mGET /return-to-live [33m404 [0m1152.586 ms - 153[0m
[0mGET /return-to-live [33m404 [0m1154.480 ms - 153[0m
[0mGET /return-to-live [33m404 [0m1158.656 ms - 153[0m
[0mGET /return-to-live [33m404 [0m1150.237 ms - 153[0m
[0mGET /return-to-live [33m404 [0m1155.131 ms - 153[0m
[0mGET /return-to-live [33m404 [0m1151.626 ms - 153[0m
[0mGET /return-to-live [33m404 [0m1159.029 ms - 153[0m
[0mGET /return-to-live [33m404 [0m1150.460 ms - 153[0m
[0mGET /return-to-live [33m404 [0m1156.016 ms - 153[0m
[0mGET /return-to-live [33m404 [0m1145.675 ms - 153[0m
[0mGET /return-to-live [33m404 [0m1148.305 ms - 153[0m
[0mGET /return-to-live [33m404 [0m1150.627 ms - 153[0m
[0mGET /return-to-live [33m404 [0m1159.889 ms - 153[0m
[0mGET /return-to-live [33m404 [0m1154.318 ms - 153[0m
[0mGET /return-to-live [33m404 [0m1156.332 ms - 153[0m
[0mGET /return-to-live [33m404 [0m1153.355 ms - 153[0m
[0mGET /return-to-live [33m404 [0m1151.466 ms - 153[0m
[0mGET /return-to-live [33m404 [0m1156.232 ms - 153[0m
[0mGET /return-to-live [33m404 [0m1157.415 ms - 153[0m
[0mGET /return-to-live [33m404 [0m1168.387 ms - 153[0m
[0mGET /return-to-live [33m404 [0m1156.168 ms - 153[0m
[0mGET /return-to-live [33m404 [0m1154.197 ms - 153[0m
[0mGET /return-to-live [33m404 [0m1154.831 ms - 153[0m
[0mGET /return-to-live [33m404 [0m1158.831 ms - 153[0m
[0mGET /return-to-live [33m404 [0m1180.701 ms - 153[0m
[0mGET /return-to-live [33m404 [0m1160.657 ms - 153[0m
[0mGET /return-to-live [33m404 [0m1154.196 ms - 153[0m
[0mGET /return-to-live [33m404 [0m1154.111 ms - 153[0m
[0mGET /return-to-live [33m404 [0m1155.183 ms - 153[0m
[0mGET /return-to-live [33m404 [0m1154.942 ms - 153[0m
[0mGET /return-to-live [33m404 [0m1152.500 ms - 153[0m
[0mGET /return-to-live [33m404 [0m1153.383 ms - 153[0m
[0mGET /return-to-live [33m404 [0m1154.155 ms - 153[0m
[0mGET /return-to-live [33m404 [0m1148.264 ms - 153[0m
[0mGET /return-to-live [33m404 [0m1154.927 ms - 153[0m
[0mGET /return-to-live [33m404 [0m1156.814 ms - 153[0m
[0mGET /return-to-live [33m404 [0m1155.173 ms - 153[0m
[0mGET /return-to-live [33m404 [0m1157.038 ms - 153[0m
[0mGET /return-to-live [33m404 [0m1156.513 ms - 153[0m
[0mGET /return-to-live [33m404 [0m1150.295 ms - 153[0m
[0mGET /return-to-live [33m404 [0m1158.186 ms - 153[0m
[0mGET /return-to-live [33m404 [0m1151.247 ms - 153[0m
[0mGET /return-to-live [33m404 [0m1153.120 ms - 153[0m
[0mGET /return-to-live [33m404 [0m1154.907 ms - 153[0m
[0mGET /return-to-live [33m404 [0m1153.577 ms - 153[0m
[0mGET /return-to-live [33m404 [0m1158.184 ms - 153[0m
[0mGET /return-to-live [33m404 [0m1148.274 ms - 153[0m
[0mGET /return-to-live [33m404 [0m1162.768 ms - 153[0m
[0mGET /return-to-live [33m404 [0m1154.075 ms - 153[0m
[0mGET /return-to-live [33m404 [0m1153.615 ms - 153[0m
[0mGET /return-to-live [33m404 [0m1158.035 ms - 153[0m
[0mGET /return-to-live [33m404 [0m1155.958 ms - 153[0m
[0mGET /return-to-live [33m404 [0m1155.418 ms - 153[0m
[0mGET /return-to-live [33m404 [0m1154.880 ms - 153[0m
[0mGET /return-to-live [33m404 [0m1153.736 ms - 153[0m
[0mGET /return-to-live [33m404 [0m1150.287 ms - 153[0m
[0mGET /return-to-live [33m404 [0m1153.142 ms - 153[0m
[0mGET /return-to-live [33m404 [0m1151.979 ms - 153[0m
[0mGET /return-to-live [33m404 [0m1155.132 ms - 153[0m
[0mGET /return-to-live [33m404 [0m1155.604 ms - 153[0m
[0mGET /return-to-live [33m404 [0m1161.070 ms - 153[0m
[0mGET /return-to-live [33m404 [0m1155.429 ms - 153[0m
[0mGET /return-to-live [33m404 [0m1156.645 ms - 153[0m
[0mGET /return-to-live [33m404 [0m1157.464 ms - 153[0m
[0mGET /return-to-live [33m404 [0m1150.564 ms - 153[0m
[0mGET /return-to-live [33m404 [0m1155.474 ms - 153[0m
[0mGET /return-to-live [33m404 [0m1170.521 ms - 153[0m
[0mGET /return-to-live [33m404 [0m1152.403 ms - 153[0m
[0mGET /return-to-live [33m404 [0m1158.180 ms - 153[0m
[0mGET /return-to-live [33m404 [0m1151.967 ms - 153[0m
[0mGET /return-to-live [33m404 [0m1152.190 ms - 153[0m
[0mGET /return-to-live [33m404 [0m1154.335 ms - 153[0m
[0mGET /return-to-live [33m404 [0m1154.785 ms - 153[0m
[0mGET /return-to-live [33m404 [0m1162.335 ms - 153[0m
[0mGET /return-to-live [33m404 [0m1167.248 ms - 153[0m
[0mGET /return-to-live [33m404 [0m1152.438 ms - 153[0m
[0mGET /return-to-live [33m404 [0m1152.147 ms - 153[0m
[0mGET /return-to-live [33m404 [0m1154.647 ms - 153[0m
[0mGET /return-to-live [33m404 [0m1153.005 ms - 153[0m
[0mGET /return-to-live [33m404 [0m1152.049 ms - 153[0m
[0mGET /return-to-live [33m404 [0m1150.896 ms - 153[0m
[0mGET /return-to-live [33m404 [0m1150.546 ms - 153[0m
[0mGET /return-to-live [33m404 [0m1153.019 ms - 153[0m
[0mGET /return-to-live [33m404 [0m1153.852 ms - 153[0m
[0mGET /return-to-live [33m404 [0m1154.163 ms - 153[0m
[0mGET /return-to-live [33m404 [0m1149.164 ms - 153[0m
[0mGET /return-to-live [33m404 [0m1159.517 ms - 153[0m
[0mGET /return-to-live [33m404 [0m1162.847 ms - 153[0m
[0mGET /return-to-live [33m404 [0m1154.464 ms - 153[0m
[0mGET /return-to-live [33m404 [0m1152.832 ms - 153[0m
[0mGET /return-to-live [33m404 [0m1155.390 ms - 153[0m
[0mGET /return-to-live [33m404 [0m1152.940 ms - 153[0m
[0mGET /return-to-live [33m404 [0m1151.817 ms - 153[0m
[0mGET /return-to-live [33m404 [0m1157.950 ms - 153[0m
[0mGET /return-to-live [33m404 [0m1152.009 ms - 153[0m
[0mGET /return-to-live [33m404 [0m1152.204 ms - 153[0m
[0mGET /return-to-live [33m404 [0m1148.357 ms - 153[0m
[0mGET /return-to-live [33m404 [0m1159.547 ms - 153[0m
[0mGET /return-to-live [33m404 [0m1167.600 ms - 153[0m
[0mGET /return-to-live [33m404 [0m1160.754 ms - 153[0m
[0mGET /return-to-live [33m404 [0m1151.138 ms - 153[0m
[0mGET /return-to-live [33m404 [0m1156.061 ms - 153[0m
[0mGET /return-to-live [33m404 [0m1171.888 ms - 153[0m
[0mGET /return-to-live [33m404 [0m1153.398 ms - 153[0m
[0mGET /return-to-live [33m404 [0m1152.421 ms - 153[0m
[0mGET /return-to-live [33m404 [0m1157.068 ms - 153[0m
[0mGET /return-to-live [33m404 [0m1154.436 ms - 153[0m
[0mGET /return-to-live [33m404 [0m1156.479 ms - 153[0m
[0mGET /return-to-live [33m404 [0m1162.868 ms - 153[0m
[0mGET /return-to-live [33m404 [0m1155.325 ms - 153[0m
[0mGET /return-to-live [33m404 [0m1166.500 ms - 153[0m
[0mGET /return-to-live [33m404 [0m1158.308 ms - 153[0m
[0mGET /return-to-live [33m404 [0m1163.416 ms - 153[0m
[0mGET /return-to-live [33m404 [0m1165.648 ms - 153[0m
[0mGET /return-to-live [33m404 [0m1156.053 ms - 153[0m
[0mGET /return-to-live [33m404 [0m1158.039 ms - 153[0m
[0mGET /return-to-live [33m404 [0m1153.076 ms - 153[0m
[0mGET /return-to-live [33m404 [0m1156.131 ms - 153[0m
[0mGET /return-to-live [33m404 [0m1156.402 ms - 153[0m
[0mGET /return-to-live [33m404 [0m1156.396 ms - 153[0m
[0mGET /return-to-live [33m404 [0m1162.909 ms - 153[0m
[0mGET /return-to-live [33m404 [0m1152.814 ms - 153[0m
[0mGET /return-to-live [33m404 [0m1155.852 ms - 153[0m
[0mGET /return-to-live [33m404 [0m1165.819 ms - 153[0m
[0mGET /return-to-live [33m404 [0m1163.960 ms - 153[0m
[0mGET /return-to-live [33m404 [0m1160.902 ms - 153[0m
[0mGET /return-to-live [33m404 [0m1149.974 ms - 153[0m
[0mGET /return-to-live [33m404 [0m1159.192 ms - 153[0m
[0mGET /return-to-live [33m404 [0m1157.177 ms - 153[0m
[0mGET /return-to-live [33m404 [0m1155.231 ms - 153[0m
[0mGET /return-to-live [33m404 [0m1157.896 ms - 153[0m
[0mGET /return-to-live [33m404 [0m1160.785 ms - 153[0m
[0mGET /return-to-live [33m404 [0m1154.656 ms - 153[0m
[0mGET /return-to-live [33m404 [0m1152.905 ms - 153[0m
[0mGET /return-to-live [33m404 [0m1156.257 ms - 153[0m
[0mGET /return-to-live [33m404 [0m1159.492 ms - 153[0m
[0mGET /return-to-live [33m404 [0m1156.265 ms - 153[0m
[0mGET /return-to-live [33m404 [0m1158.510 ms - 153[0m
[0mGET /return-to-live [33m404 [0m1163.174 ms - 153[0m
[0mGET /return-to-live [33m404 [0m1161.165 ms - 153[0m
[0mGET /return-to-live [33m404 [0m1154.855 ms - 153[0m
[0mGET /return-to-live [33m404 [0m1157.334 ms - 153[0m
[0mGET /return-to-live [33m404 [0m1158.581 ms - 153[0m
[0mGET /return-to-live [33m404 [0m1154.154 ms - 153[0m
[0mGET /return-to-live [33m404 [0m1156.726 ms - 153[0m
[0mGET /return-to-live [33m404 [0m1157.758 ms - 153[0m
[0mGET /return-to-live [33m404 [0m1155.992 ms - 153[0m
[0mGET /return-to-live [33m404 [0m1149.879 ms - 153[0m
[0mGET /return-to-live [33m404 [0m1155.034 ms - 153[0m
[0mGET /return-to-live [33m404 [0m1152.752 ms - 153[0m
[0mGET /return-to-live [33m404 [0m1153.309 ms - 153[0m
[0mGET /return-to-live [33m404 [0m1154.214 ms - 153[0m
[0mGET /return-to-live [33m404 [0m1147.316 ms - 153[0m
[0mGET /return-to-live [33m404 [0m1152.882 ms - 153[0m
[0mGET /return-to-live [33m404 [0m1163.794 ms - 153[0m
[0mGET /return-to-live [33m404 [0m1157.097 ms - 153[0m
[0mGET /return-to-live [33m404 [0m1162.670 ms - 153[0m
[0mGET /return-to-live [33m404 [0m1150.526 ms - 153[0m
[0mGET /return-to-live [33m404 [0m1151.923 ms - 153[0m
[0mGET /return-to-live [33m404 [0m1149.887 ms - 153[0m
[0mGET /return-to-live [33m404 [0m1158.317 ms - 153[0m
[0mGET /return-to-live [33m404 [0m1152.025 ms - 153[0m
[0mGET /return-to-live [33m404 [0m1161.846 ms - 153[0m
[0mGET /return-to-live [33m404 [0m1160.333 ms - 153[0m
[0mGET /return-to-live [33m404 [0m1158.208 ms - 153[0m
[0mGET /return-to-live [33m404 [0m1156.921 ms - 153[0m
[0mGET /return-to-live [33m404 [0m1156.923 ms - 153[0m
[0mGET /return-to-live [33m404 [0m1151.074 ms - 153[0m
[0mGET /return-to-live [33m404 [0m1160.035 ms - 153[0m
[0mGET /return-to-live [33m404 [0m1163.482 ms - 153[0m
[0mGET /return-to-live [33m404 [0m1158.594 ms - 153[0m
[0mGET /return-to-live [33m404 [0m1158.993 ms - 153[0m
[0mGET /return-to-live [33m404 [0m1159.840 ms - 153[0m
[0mGET /return-to-live [33m404 [0m1158.031 ms - 153[0m
[0mGET /return-to-live [33m404 [0m1155.190 ms - 153[0m
[0mGET /return-to-live [33m404 [0m1156.273 ms - 153[0m
[0mGET /return-to-live [33m404 [0m1154.430 ms - 153[0m
[0mGET /return-to-live [33m404 [0m1151.875 ms - 153[0m
[0mGET /return-to-live [33m404 [0m1161.667 ms - 153[0m
[0mGET /return-to-live [33m404 [0m1157.252 ms - 153[0m
[0mGET /return-to-live [33m404 [0m1561.696 ms - 153[0m
[0mGET /return-to-live [33m404 [0m1152.085 ms - 153[0m
[0mGET /return-to-live [33m404 [0m1163.315 ms - 153[0m
[0mGET /return-to-live [33m404 [0m1149.468 ms - 153[0m
[0mGET /return-to-live [33m404 [0m1157.792 ms - 153[0m
[0mGET /return-to-live [33m404 [0m1156.379 ms - 153[0m
[0mGET /return-to-live [33m404 [0m1157.695 ms - 153[0m
[0mGET /return-to-live [33m404 [0m1153.054 ms - 153[0m
[0mGET /return-to-live [33m404 [0m1155.891 ms - 153[0m
[0mGET /return-to-live [33m404 [0m1150.974 ms - 153[0m
[0mGET /return-to-live [33m404 [0m1152.576 ms - 153[0m
[0mGET /return-to-live [33m404 [0m1153.829 ms - 153[0m
[0mGET /return-to-live [33m404 [0m1159.250 ms - 153[0m
[0mGET /return-to-live [33m404 [0m1156.295 ms - 153[0m
[0mGET /return-to-live [33m404 [0m1165.393 ms - 153[0m
[0mGET /return-to-live [33m404 [0m1153.226 ms - 153[0m
[0mGET /return-to-live [33m404 [0m1158.001 ms - 153[0m
[0mGET /return-to-live [33m404 [0m1153.341 ms - 153[0m
[0mGET /return-to-live [33m404 [0m1155.649 ms - 153[0m
[0mGET /return-to-live [33m404 [0m1151.895 ms - 153[0m
[0mGET /return-to-live [33m404 [0m1153.290 ms - 153[0m
[0mGET /return-to-live [33m404 [0m1151.362 ms - 153[0m
[0mGET /return-to-live [33m404 [0m1164.458 ms - 153[0m
[0mGET /return-to-live [33m404 [0m1150.743 ms - 153[0m
[0mGET /return-to-live [33m404 [0m1151.188 ms - 153[0m
[0mGET /return-to-live [33m404 [0m1154.197 ms - 153[0m
[0mGET /return-to-live [33m404 [0m1152.333 ms - 153[0m
[0mGET /return-to-live [33m404 [0m1149.441 ms - 153[0m
[0mGET /return-to-live [33m404 [0m1161.894 ms - 153[0m
[0mGET /return-to-live [33m404 [0m1154.839 ms - 153[0m
[0mGET /return-to-live [33m404 [0m1154.369 ms - 153[0m
[0mGET /return-to-live [33m404 [0m1154.281 ms - 153[0m
[0mGET /return-to-live [33m404 [0m1154.171 ms - 153[0m
[0mGET /return-to-live [33m404 [0m1153.092 ms - 153[0m
[0mGET /return-to-live [33m404 [0m1157.635 ms - 153[0m
[0mGET /return-to-live [33m404 [0m1155.096 ms - 153[0m
[0mGET /return-to-live [33m404 [0m1160.601 ms - 153[0m
[0mGET /return-to-live [33m404 [0m1152.607 ms - 153[0m
[0mGET /return-to-live [33m404 [0m1155.268 ms - 153[0m
[0mGET /return-to-live [33m404 [0m1154.291 ms - 153[0m
[0mGET /return-to-live [33m404 [0m1155.612 ms - 153[0m
[0mGET /return-to-live [33m404 [0m1157.737 ms - 153[0m
[0mGET /return-to-live [33m404 [0m1154.472 ms - 153[0m
[0mGET /return-to-live [33m404 [0m1154.207 ms - 153[0m
[0mGET /return-to-live [33m404 [0m1166.059 ms - 153[0m
[0mGET /return-to-live [33m404 [0m1154.237 ms - 153[0m
[0mGET /return-to-live [33m404 [0m1154.052 ms - 153[0m
[0mGET /return-to-live [33m404 [0m1153.991 ms - 153[0m
[0mGET /return-to-live [33m404 [0m1163.979 ms - 153[0m
[0mGET /return-to-live [33m404 [0m1158.134 ms - 153[0m
[0mGET /return-to-live [33m404 [0m1158.134 ms - 153[0m
[0mGET /return-to-live [33m404 [0m1156.376 ms - 153[0m
[0mGET /return-to-live [33m404 [0m1154.577 ms - 153[0m
[0mGET /return-to-live [33m404 [0m1151.947 ms - 153[0m
[0mGET /return-to-live [33m404 [0m1159.431 ms - 153[0m
[0mGET /return-to-live [33m404 [0m1153.938 ms - 153[0m
[0mGET /return-to-live [33m404 [0m1158.948 ms - 153[0m
[0mGET /return-to-live [33m404 [0m1151.158 ms - 153[0m
[0mGET /return-to-live [33m404 [0m1158.676 ms - 153[0m
[0mGET /return-to-live [33m404 [0m1152.414 ms - 153[0m
[0mGET /return-to-live [33m404 [0m1149.573 ms - 153[0m
[0mGET /return-to-live [33m404 [0m1150.993 ms - 153[0m
[0mGET /return-to-live [33m404 [0m1150.325 ms - 153[0m
[0mGET /return-to-live [33m404 [0m1150.687 ms - 153[0m
[0mGET /return-to-live [33m404 [0m1152.904 ms - 153[0m
[0mGET /return-to-live [33m404 [0m1146.767 ms - 153[0m
[0mGET /return-to-live [33m404 [0m1149.529 ms - 153[0m
[0mGET /return-to-live [33m404 [0m1150.527 ms - 153[0m
[0mGET /return-to-live [33m404 [0m1153.905 ms - 153[0m
[0mGET /return-to-live [33m404 [0m1159.249 ms - 153[0m
[0mGET /return-to-live [33m404 [0m1161.203 ms - 153[0m
[0mGET /return-to-live [33m404 [0m1154.460 ms - 153[0m
[0mGET /return-to-live [33m404 [0m1156.214 ms - 153[0m
[0mGET /return-to-live [33m404 [0m1156.855 ms - 153[0m
[0mGET /return-to-live [33m404 [0m1158.138 ms - 153[0m
[0mGET /return-to-live [33m404 [0m1160.450 ms - 153[0m
[0mGET /return-to-live [33m404 [0m1168.444 ms - 153[0m
[0mGET /return-to-live [33m404 [0m1153.150 ms - 153[0m
[0mGET /return-to-live [33m404 [0m1157.329 ms - 153[0m
[0mGET /return-to-live [33m404 [0m1156.936 ms - 153[0m
[0mGET /return-to-live [33m404 [0m1154.773 ms - 153[0m
[0mGET /return-to-live [33m404 [0m1154.460 ms - 153[0m
[0mGET /return-to-live [33m404 [0m1155.893 ms - 153[0m
[0mGET /return-to-live [33m404 [0m1158.386 ms - 153[0m
[0mGET /return-to-live [33m404 [0m1153.619 ms - 153[0m
[0mGET /return-to-live [33m404 [0m1158.858 ms - 153[0m
[0mGET /return-to-live [33m404 [0m1154.799 ms - 153[0m
[0mGET /return-to-live [33m404 [0m1152.327 ms - 153[0m
[0mGET /return-to-live [33m404 [0m1154.516 ms - 153[0m
[0mGET /return-to-live [33m404 [0m1149.106 ms - 153[0m
[0mGET /return-to-live [33m404 [0m1162.172 ms - 153[0m
[0mGET /return-to-live [33m404 [0m1150.263 ms - 153[0m
[0mGET /return-to-live [33m404 [0m1150.436 ms - 153[0m
[0mGET /return-to-live [33m404 [0m1148.792 ms - 153[0m
[0mGET /return-to-live [33m404 [0m1152.911 ms - 153[0m
[0mGET /return-to-live [33m404 [0m1152.246 ms - 153[0m
[0mGET /return-to-live [33m404 [0m1166.071 ms - 153[0m
[0mGET /return-to-live [33m404 [0m1148.202 ms - 153[0m
[0mGET /return-to-live [33m404 [0m1152.463 ms - 153[0m
[0mGET /return-to-live [33m404 [0m1151.382 ms - 153[0m
[0mGET /return-to-live [33m404 [0m1156.285 ms - 153[0m
[0mGET /return-to-live [33m404 [0m1159.473 ms - 153[0m
[0mGET /return-to-live [33m404 [0m1153.332 ms - 153[0m
[0mGET /return-to-live [33m404 [0m1165.477 ms - 153[0m
[0mGET /return-to-live [33m404 [0m1150.335 ms - 153[0m
[0mGET /return-to-live [33m404 [0m1154.828 ms - 153[0m
[0mGET /return-to-live [33m404 [0m1150.454 ms - 153[0m
[0mGET /return-to-live [33m404 [0m1150.635 ms - 153[0m
[0mGET /return-to-live [33m404 [0m1155.851 ms - 153[0m
[0mGET /return-to-live [33m404 [0m1148.346 ms - 153[0m
[0mGET /return-to-live [33m404 [0m1154.070 ms - 153[0m
[0mGET /return-to-live [33m404 [0m1154.651 ms - 153[0m
[0mGET /return-to-live [33m404 [0m1153.521 ms - 153[0m
[0mGET /return-to-live [33m404 [0m1155.809 ms - 153[0m
[0mGET /return-to-live [33m404 [0m1156.527 ms - 153[0m
[0mGET /return-to-live [33m404 [0m1153.809 ms - 153[0m
[0mGET /return-to-live [33m404 [0m1153.724 ms - 153[0m
[0mGET /return-to-live [33m404 [0m1157.138 ms - 153[0m
[0mGET /return-to-live [33m404 [0m1157.056 ms - 153[0m
[0mGET /return-to-live [33m404 [0m1154.799 ms - 153[0m
[0mGET /return-to-live [33m404 [0m1156.355 ms - 153[0m
[0mGET /return-to-live [33m404 [0m1158.983 ms - 153[0m
[0mGET /return-to-live [33m404 [0m1152.331 ms - 153[0m
[0mGET /return-to-live [33m404 [0m1158.417 ms - 153[0m
[0mGET /return-to-live [33m404 [0m1149.458 ms - 153[0m
[0mGET /return-to-live [33m404 [0m1156.129 ms - 153[0m
[0mGET /return-to-live [33m404 [0m1152.802 ms - 153[0m
[0mGET /return-to-live [33m404 [0m1150.567 ms - 153[0m
[0mGET /return-to-live [33m404 [0m1152.973 ms - 153[0m
[0mGET /return-to-live [33m404 [0m1152.504 ms - 153[0m
[0mGET /return-to-live [33m404 [0m1153.345 ms - 153[0m
[0mGET /return-to-live [33m404 [0m1152.673 ms - 153[0m
[0mGET /return-to-live [33m404 [0m1154.247 ms - 153[0m
[0mGET /return-to-live [33m404 [0m1147.842 ms - 153[0m
[0mGET /return-to-live [33m404 [0m1156.949 ms - 153[0m
[0mGET /return-to-live [33m404 [0m1152.377 ms - 153[0m
[0mGET /return-to-live [33m404 [0m1149.662 ms - 153[0m
[0mGET /return-to-live [33m404 [0m1153.410 ms - 153[0m
[0mGET /return-to-live [33m404 [0m1152.193 ms - 153[0m
[0mGET /return-to-live [33m404 [0m1153.373 ms - 153[0m
[0mGET /return-to-live [33m404 [0m1151.439 ms - 153[0m
[0mGET /return-to-live [33m404 [0m1153.548 ms - 153[0m
[0mGET /return-to-live [33m404 [0m1150.509 ms - 153[0m
[0mGET /return-to-live [33m404 [0m1157.074 ms - 153[0m
[0mGET /return-to-live [33m404 [0m1152.828 ms - 153[0m
[0mGET /return-to-live [33m404 [0m1150.501 ms - 153[0m
[0mGET /return-to-live [33m404 [0m1153.136 ms - 153[0m
[0mGET /return-to-live [33m404 [0m1154.613 ms - 153[0m
[0mGET /return-to-live [33m404 [0m1152.103 ms - 153[0m
[0mGET /return-to-live [33m404 [0m1152.192 ms - 153[0m
[0mGET /return-to-live [33m404 [0m1149.829 ms - 153[0m
[0mGET /return-to-live [33m404 [0m1154.727 ms - 153[0m
[0mGET /return-to-live [33m404 [0m1157.479 ms - 153[0m
[0mGET /return-to-live [33m404 [0m1151.111 ms - 153[0m
[0mGET /return-to-live [33m404 [0m1156.291 ms - 153[0m
[0mGET /return-to-live [33m404 [0m1149.378 ms - 153[0m
[0mGET /return-to-live [33m404 [0m1153.082 ms - 153[0m
[0mGET /return-to-live [33m404 [0m1162.818 ms - 153[0m
[0mGET /return-to-live [33m404 [0m1161.459 ms - 153[0m
[0mGET /return-to-live [33m404 [0m1151.574 ms - 153[0m
[0mGET /return-to-live [33m404 [0m1150.043 ms - 153[0m
[0mGET /return-to-live [33m404 [0m1152.760 ms - 153[0m
[0mGET /return-to-live [33m404 [0m1153.202 ms - 153[0m
[0mGET /return-to-live [33m404 [0m1154.528 ms - 153[0m
[0mGET /return-to-live [33m404 [0m1157.722 ms - 153[0m
[0mGET /return-to-live [33m404 [0m1156.594 ms - 153[0m
[0mGET /return-to-live [33m404 [0m1151.678 ms - 153[0m
[0mGET /return-to-live [33m404 [0m1156.206 ms - 153[0m
[0mGET /return-to-live [33m404 [0m1161.760 ms - 153[0m
[0mGET /return-to-live [33m404 [0m1151.932 ms - 153[0m
[0mGET /return-to-live [33m404 [0m1154.055 ms - 153[0m
[0mGET /return-to-live [33m404 [0m1150.414 ms - 153[0m
[0mGET /return-to-live [33m404 [0m1157.837 ms - 153[0m
[0mGET /return-to-live [33m404 [0m1153.491 ms - 153[0m
[0mGET /return-to-live [33m404 [0m1153.047 ms - 153[0m
[0mGET /return-to-live [33m404 [0m1152.949 ms - 153[0m
[0mGET /return-to-live [33m404 [0m1154.762 ms - 153[0m
[0mGET /return-to-live [33m404 [0m1154.035 ms - 153[0m
[0mGET /return-to-live [33m404 [0m1156.775 ms - 153[0m
[0mGET /return-to-live [33m404 [0m1156.289 ms - 153[0m
[0mGET /return-to-live [33m404 [0m1153.141 ms - 153[0m
[0mGET /return-to-live [33m404 [0m1159.713 ms - 153[0m
[0mGET /return-to-live [33m404 [0m1159.235 ms - 153[0m
[0mGET /return-to-live [33m404 [0m1150.922 ms - 153[0m
[0mGET /return-to-live [33m404 [0m1151.691 ms - 153[0m
[0mGET /return-to-live [33m404 [0m1153.708 ms - 153[0m
[0mGET /return-to-live [33m404 [0m1153.390 ms - 153[0m
[0mGET /return-to-live [33m404 [0m1158.749 ms - 153[0m
[0mGET /return-to-live [33m404 [0m1157.096 ms - 153[0m
[0mGET /return-to-live [33m404 [0m1150.527 ms - 153[0m
[0mGET /return-to-live [33m404 [0m1155.514 ms - 153[0m
[0mGET /return-to-live [33m404 [0m1151.984 ms - 153[0m
[0mGET /return-to-live [33m404 [0m1163.857 ms - 153[0m
[0mGET /return-to-live [33m404 [0m1153.023 ms - 153[0m
[0mGET /return-to-live [33m404 [0m1158.687 ms - 153[0m
[0mGET /return-to-live [33m404 [0m1154.818 ms - 153[0m
[0mGET /return-to-live [33m404 [0m1153.819 ms - 153[0m
[0mGET /return-to-live [33m404 [0m1154.072 ms - 153[0m
[0mGET /return-to-live [33m404 [0m1157.091 ms - 153[0m
